18-10-11 09:41:06:Error at file[/home/marcus/lnmp/nginx/html/easywoole_api/vendor/illuminate/database/Connection.php] line[326] message:[PDO::prepare(): send of 60 bytes failed with errno=32 Broken pipe]
18-10-11 09:41:06:Error at file[/home/marcus/lnmp/nginx/html/easywoole_api/vendor/illuminate/database/Connection.php] line[326] message:[Error while sending STMT_PREPARE packet. PID=25701]
18-10-11 10:19:55:Error at file[/home/marcus/lnmp/nginx/html/easywoole_api/vendor/illuminate/database/Connection.php] line[326] message:[PDO::prepare(): send of 70 bytes failed with errno=32 Broken pipe]
18-10-11 10:19:55:Error at file[/home/marcus/lnmp/nginx/html/easywoole_api/vendor/illuminate/database/Connection.php] line[326] message:[Error while sending STMT_PREPARE packet. PID=25694]
18-10-12 14:50:54:Error at file[/home/marcus/lnmp/nginx/html/easywoole_api/vendor/illuminate/database/Connection.php] line[326] message:[PDO::prepare(): send of 70 bytes failed with errno=32 Broken pipe]
18-10-12 14:50:54:Error at file[/home/marcus/lnmp/nginx/html/easywoole_api/vendor/illuminate/database/Connection.php] line[326] message:[Error while sending STMT_PREPARE packet. PID=25699]
18-10-14 14:15:36:Error at file[/home/vagrant/code/easywoole_api/App/Utility/Redis.php] line[51] message:[Uncaught Error: Class 'Redis' not found in /home/vagrant/code/easywoole_api/App/Utility/Redis.php:51
Stack trace:
#0 /home/vagrant/code/easywoole_api/App/Utility/Redis.php(91): App\Utility\Redis->__construct(Array, Array)
#1 /home/vagrant/code/easywoole_api/EasySwooleEvent.php(41): App\Utility\Redis::getInstance()
#2 /home/vagrant/code/easywoole_api/vendor/easyswoole/easyswoole/src/Core/Component/Invoker.php(71): EasySwoole\EasySwooleEvent::EasySwoole\{closure}(Object(Swoole\WebSocket\Server), 1, -1)
#3 /home/vagrant/code/easywoole_api/vendor/easyswoole/easyswoole/src/Core/Swoole/ServerManager.php(137): EasySwoole\Core\Component\Invoker::callUserFuncArray(Object(Closure), Array)
#4 {main}
  thrown]
18-10-14 17:20:18:Error at file[/home/vagrant/code/easywoole_api/vendor/jeremeamia/SuperClosure/src/SerializableClosure.php] line[116] message:[Serialization of closure failed: The closure was not found within the abstract syntax tree.]
18-10-14 17:20:18:Error at file[/home/vagrant/code/easywoole_api/vendor/jeremeamia/SuperClosure/src/Serializer.php] line[110] message:[Uncaught SuperClosure\Exception\ClosureUnserializationException: The closure did not unserialize to a SuperClosure. in /home/vagrant/code/easywoole_api/vendor/jeremeamia/SuperClosure/src/Serializer.php:110
Stack trace:
#0 /home/vagrant/code/easywoole_api/vendor/easyswoole/easyswoole/src/Core/Component/SuperClosure.php(35): SuperClosure\Serializer->unserialize('N;')
#1 [internal function]: EasySwoole\Core\Component\SuperClosure->__wakeup()
#2 /home/vagrant/code/easywoole_api/vendor/easyswoole/easyswoole/src/Core/Swoole/ServerManager.php(67): Swoole\Http\Server->start()
#3 /home/vagrant/code/easywoole_api/vendor/easyswoole/easyswoole/src/Core/Core.php(45): EasySwoole\Core\Swoole\ServerManager->start()
#4 /home/vagrant/code/easywoole_api/vendor/easyswoole/easyswoole/bin/easyswoole(322): EasySwoole\Core\Core->run()
#5 /home/vagrant/code/easywoole_api/vendor/easyswoole/easyswoole/bin/easyswoole(25): serverStart(Array)
#6 /home/vagrant/code/easywoole_api/vendor/easyswoole/easyswoole/bin/easyswoole(458): commandHand]
18-10-14 17:20:40:Error at file[/home/vagrant/code/easywoole_api/vendor/jeremeamia/SuperClosure/src/SerializableClosure.php] line[116] message:[Serialization of closure failed: The closure was not found within the abstract syntax tree.]
18-10-14 17:20:40:Error at file[/home/vagrant/code/easywoole_api/vendor/jeremeamia/SuperClosure/src/Serializer.php] line[110] message:[Uncaught SuperClosure\Exception\ClosureUnserializationException: The closure did not unserialize to a SuperClosure. in /home/vagrant/code/easywoole_api/vendor/jeremeamia/SuperClosure/src/Serializer.php:110
Stack trace:
#0 /home/vagrant/code/easywoole_api/vendor/easyswoole/easyswoole/src/Core/Component/SuperClosure.php(35): SuperClosure\Serializer->unserialize('N;')
#1 [internal function]: EasySwoole\Core\Component\SuperClosure->__wakeup()
#2 /home/vagrant/code/easywoole_api/vendor/easyswoole/easyswoole/src/Core/Swoole/ServerManager.php(67): Swoole\Http\Server->start()
#3 /home/vagrant/code/easywoole_api/vendor/easyswoole/easyswoole/src/Core/Core.php(45): EasySwoole\Core\Swoole\ServerManager->start()
#4 /home/vagrant/code/easywoole_api/vendor/easyswoole/easyswoole/bin/easyswoole(322): EasySwoole\Core\Core->run()
#5 /home/vagrant/code/easywoole_api/vendor/easyswoole/easyswoole/bin/easyswoole(25): serverStart(Array)
#6 /home/vagrant/code/easywoole_api/vendor/easyswoole/easyswoole/bin/easyswoole(458): commandHand]
18-10-14 17:20:49:Error at file[/home/vagrant/code/easywoole_api/vendor/jeremeamia/SuperClosure/src/SerializableClosure.php] line[116] message:[Serialization of closure failed: The closure was not found within the abstract syntax tree.]
18-10-14 17:20:49:Error at file[/home/vagrant/code/easywoole_api/vendor/jeremeamia/SuperClosure/src/Serializer.php] line[110] message:[Uncaught SuperClosure\Exception\ClosureUnserializationException: The closure did not unserialize to a SuperClosure. in /home/vagrant/code/easywoole_api/vendor/jeremeamia/SuperClosure/src/Serializer.php:110
Stack trace:
#0 /home/vagrant/code/easywoole_api/vendor/easyswoole/easyswoole/src/Core/Component/SuperClosure.php(35): SuperClosure\Serializer->unserialize('N;')
#1 [internal function]: EasySwoole\Core\Component\SuperClosure->__wakeup()
#2 /home/vagrant/code/easywoole_api/vendor/easyswoole/easyswoole/src/Core/Swoole/ServerManager.php(67): Swoole\Http\Server->start()
#3 /home/vagrant/code/easywoole_api/vendor/easyswoole/easyswoole/src/Core/Core.php(45): EasySwoole\Core\Swoole\ServerManager->start()
#4 /home/vagrant/code/easywoole_api/vendor/easyswoole/easyswoole/bin/easyswoole(322): EasySwoole\Core\Core->run()
#5 /home/vagrant/code/easywoole_api/vendor/easyswoole/easyswoole/bin/easyswoole(25): serverStart(Array)
#6 /home/vagrant/code/easywoole_api/vendor/easyswoole/easyswoole/bin/easyswoole(458): commandHand]
18-10-14 17:22:19:Error at file[/home/vagrant/code/easywoole_api/vendor/jeremeamia/SuperClosure/src/SerializableClosure.php] line[116] message:[Serialization of closure failed: The closure was not found within the abstract syntax tree.]
18-10-14 17:22:19:Error at file[/home/vagrant/code/easywoole_api/vendor/jeremeamia/SuperClosure/src/Serializer.php] line[110] message:[Uncaught SuperClosure\Exception\ClosureUnserializationException: The closure did not unserialize to a SuperClosure. in /home/vagrant/code/easywoole_api/vendor/jeremeamia/SuperClosure/src/Serializer.php:110
Stack trace:
#0 /home/vagrant/code/easywoole_api/vendor/easyswoole/easyswoole/src/Core/Component/SuperClosure.php(35): SuperClosure\Serializer->unserialize('N;')
#1 [internal function]: EasySwoole\Core\Component\SuperClosure->__wakeup()
#2 /home/vagrant/code/easywoole_api/vendor/easyswoole/easyswoole/src/Core/Swoole/ServerManager.php(67): Swoole\Http\Server->start()
#3 /home/vagrant/code/easywoole_api/vendor/easyswoole/easyswoole/src/Core/Core.php(45): EasySwoole\Core\Swoole\ServerManager->start()
#4 /home/vagrant/code/easywoole_api/vendor/easyswoole/easyswoole/bin/easyswoole(322): EasySwoole\Core\Core->run()
#5 /home/vagrant/code/easywoole_api/vendor/easyswoole/easyswoole/bin/easyswoole(25): serverStart(Array)
#6 /home/vagrant/code/easywoole_api/vendor/easyswoole/easyswoole/bin/easyswoole(458): commandHand]
18-10-14 17:22:19:Error at file[/home/vagrant/code/easywoole_api/vendor/jeremeamia/SuperClosure/src/SerializableClosure.php] line[116] message:[Serialization of closure failed: The closure was not found within the abstract syntax tree.]
18-10-14 17:22:19:Error at file[/home/vagrant/code/easywoole_api/vendor/jeremeamia/SuperClosure/src/Serializer.php] line[110] message:[Uncaught SuperClosure\Exception\ClosureUnserializationException: The closure did not unserialize to a SuperClosure. in /home/vagrant/code/easywoole_api/vendor/jeremeamia/SuperClosure/src/Serializer.php:110
Stack trace:
#0 /home/vagrant/code/easywoole_api/vendor/easyswoole/easyswoole/src/Core/Component/SuperClosure.php(35): SuperClosure\Serializer->unserialize('N;')
#1 [internal function]: EasySwoole\Core\Component\SuperClosure->__wakeup()
#2 /home/vagrant/code/easywoole_api/vendor/easyswoole/easyswoole/src/Core/Swoole/ServerManager.php(67): Swoole\Http\Server->start()
#3 /home/vagrant/code/easywoole_api/vendor/easyswoole/easyswoole/src/Core/Core.php(45): EasySwoole\Core\Swoole\ServerManager->start()
#4 /home/vagrant/code/easywoole_api/vendor/easyswoole/easyswoole/bin/easyswoole(322): EasySwoole\Core\Core->run()
#5 /home/vagrant/code/easywoole_api/vendor/easyswoole/easyswoole/bin/easyswoole(25): serverStart(Array)
#6 /home/vagrant/code/easywoole_api/vendor/easyswoole/easyswoole/bin/easyswoole(458): commandHand]
18-10-14 17:22:34:Error at file[/home/vagrant/code/easywoole_api/vendor/jeremeamia/SuperClosure/src/SerializableClosure.php] line[116] message:[Serialization of closure failed: The closure was not found within the abstract syntax tree.]
18-10-14 17:22:34:Error at file[/home/vagrant/code/easywoole_api/vendor/jeremeamia/SuperClosure/src/Serializer.php] line[110] message:[Uncaught SuperClosure\Exception\ClosureUnserializationException: The closure did not unserialize to a SuperClosure. in /home/vagrant/code/easywoole_api/vendor/jeremeamia/SuperClosure/src/Serializer.php:110
Stack trace:
#0 /home/vagrant/code/easywoole_api/vendor/easyswoole/easyswoole/src/Core/Component/SuperClosure.php(35): SuperClosure\Serializer->unserialize('N;')
#1 [internal function]: EasySwoole\Core\Component\SuperClosure->__wakeup()
#2 /home/vagrant/code/easywoole_api/vendor/easyswoole/easyswoole/src/Core/Swoole/ServerManager.php(67): Swoole\Http\Server->start()
#3 /home/vagrant/code/easywoole_api/vendor/easyswoole/easyswoole/src/Core/Core.php(45): EasySwoole\Core\Swoole\ServerManager->start()
#4 /home/vagrant/code/easywoole_api/vendor/easyswoole/easyswoole/bin/easyswoole(322): EasySwoole\Core\Core->run()
#5 /home/vagrant/code/easywoole_api/vendor/easyswoole/easyswoole/bin/easyswoole(25): serverStart(Array)
#6 /home/vagrant/code/easywoole_api/vendor/easyswoole/easyswoole/bin/easyswoole(458): commandHand]
