18-09-18 14:54:27:Error at file[/home/marcus/lnmp/nginx/html/easywoole_api/App/Utility/Redis.php] line[51] message:[Uncaught Error: Class 'Redis' not found in /home/marcus/lnmp/nginx/html/easywoole_api/App/Utility/Redis.php:51
Stack trace:
#0 /home/marcus/lnmp/nginx/html/easywoole_api/App/Utility/Redis.php(91): App\Utility\Redis->__construct(Array, Array)
#1 /home/marcus/lnmp/nginx/html/easywoole_api/EasySwooleEvent.php(39): App\Utility\Redis::getInstance()
#2 /home/marcus/lnmp/nginx/html/easywoole_api/vendor/easyswoole/easyswoole/src/Core/Component/Invoker.php(71): EasySwoole\EasySwooleEvent::EasySwoole\{closure}(Object(Swoole\WebSocket\Server), 2, 0)
#3 /home/marcus/lnmp/nginx/html/easywoole_api/vendor/easyswoole/easyswoole/src/Core/Swoole/ServerManager.php(137): EasySwoole\Core\Component\Invoker::callUserFuncArray(Object(Closure), Array)
#4 {main}
  thrown]
18-09-18 14:57:30:Error at file[/home/marcus/lnmp/nginx/html/easywoole_api/App/Utility/Redis.php] line[51] message:[Uncaught Error: Class 'Redis' not found in /home/marcus/lnmp/nginx/html/easywoole_api/App/Utility/Redis.php:51
Stack trace:
#0 /home/marcus/lnmp/nginx/html/easywoole_api/App/Utility/Redis.php(91): App\Utility\Redis->__construct(Array, Array)
#1 /home/marcus/lnmp/nginx/html/easywoole_api/EasySwooleEvent.php(39): App\Utility\Redis::getInstance()
#2 /home/marcus/lnmp/nginx/html/easywoole_api/vendor/easyswoole/easyswoole/src/Core/Component/Invoker.php(71): EasySwoole\EasySwooleEvent::EasySwoole\{closure}(Object(Swoole\WebSocket\Server), 1, 1)
#3 /home/marcus/lnmp/nginx/html/easywoole_api/vendor/easyswoole/easyswoole/src/Core/Swoole/ServerManager.php(137): EasySwoole\Core\Component\Invoker::callUserFuncArray(Object(Closure), Array)
#4 {main}
  thrown]
18-09-19 10:08:50:Error at file[/home/marcus/lnmp/nginx/html/easywoole_api/vendor/easyswoole/easyswoole/src/Core/Swoole/ServerManager.php] line[119] message:[Uncaught Swoole\Exception: failed to listen server port[0.0.0.0:9501]. Error: Address already in use[98]. in /home/marcus/lnmp/nginx/html/easywoole_api/vendor/easyswoole/easyswoole/src/Core/Swoole/ServerManager.php:119
Stack trace:
#0 /home/marcus/lnmp/nginx/html/easywoole_api/vendor/easyswoole/easyswoole/src/Core/Swoole/ServerManager.php(119): Swoole\Server->__construct('0.0.0.0', 9501, 3, 1)
#1 /home/marcus/lnmp/nginx/html/easywoole_api/vendor/easyswoole/easyswoole/src/Core/Swoole/ServerManager.php(61): EasySwoole\Core\Swoole\ServerManager->createMainServer()
#2 /home/marcus/lnmp/nginx/html/easywoole_api/vendor/easyswoole/easyswoole/src/Core/Core.php(45): EasySwoole\Core\Swoole\ServerManager->start()
#3 /home/marcus/lnmp/nginx/html/easywoole_api/vendor/easyswoole/easyswoole/bin/easyswoole(326): EasySwoole\Core\Core->run()
#4 /home/marcus/lnmp/nginx/html/easywoole_api/vendor/easyswoole/easyswoole/bin/easyswoole(25): serverStart(Array)
#5 /home/marcus/lnmp/nginx/html/easywoole_api/vendor/easyswoole/easyswoole]
18-09-19 13:58:51:Error at file[/home/marcus/lnmp/nginx/html/easywoole_api/vendor/easyswoole/easyswoole/src/Core/Swoole/ServerManager.php] line[119] message:[Uncaught Swoole\Exception: failed to listen server port[0.0.0.0:9501]. Error: Address already in use[98]. in /home/marcus/lnmp/nginx/html/easywoole_api/vendor/easyswoole/easyswoole/src/Core/Swoole/ServerManager.php:119
Stack trace:
#0 /home/marcus/lnmp/nginx/html/easywoole_api/vendor/easyswoole/easyswoole/src/Core/Swoole/ServerManager.php(119): Swoole\Server->__construct('0.0.0.0', 9501, 3, 1)
#1 /home/marcus/lnmp/nginx/html/easywoole_api/vendor/easyswoole/easyswoole/src/Core/Swoole/ServerManager.php(61): EasySwoole\Core\Swoole\ServerManager->createMainServer()
#2 /home/marcus/lnmp/nginx/html/easywoole_api/vendor/easyswoole/easyswoole/src/Core/Core.php(45): EasySwoole\Core\Swoole\ServerManager->start()
#3 /home/marcus/lnmp/nginx/html/easywoole_api/vendor/easyswoole/easyswoole/bin/easyswoole(326): EasySwoole\Core\Core->run()
#4 /home/marcus/lnmp/nginx/html/easywoole_api/vendor/easyswoole/easyswoole/bin/easyswoole(25): serverStart(Array)
#5 /home/marcus/lnmp/nginx/html/easywoole_api/vendor/easyswoole/easyswoole]
18-09-19 13:58:56:Error at file[/home/marcus/lnmp/nginx/html/easywoole_api/vendor/easyswoole/easyswoole/src/Core/Swoole/ServerManager.php] line[119] message:[Uncaught Swoole\Exception: failed to listen server port[0.0.0.0:9501]. Error: Address already in use[98]. in /home/marcus/lnmp/nginx/html/easywoole_api/vendor/easyswoole/easyswoole/src/Core/Swoole/ServerManager.php:119
Stack trace:
#0 /home/marcus/lnmp/nginx/html/easywoole_api/vendor/easyswoole/easyswoole/src/Core/Swoole/ServerManager.php(119): Swoole\Server->__construct('0.0.0.0', 9501, 3, 1)
#1 /home/marcus/lnmp/nginx/html/easywoole_api/vendor/easyswoole/easyswoole/src/Core/Swoole/ServerManager.php(61): EasySwoole\Core\Swoole\ServerManager->createMainServer()
#2 /home/marcus/lnmp/nginx/html/easywoole_api/vendor/easyswoole/easyswoole/src/Core/Core.php(45): EasySwoole\Core\Swoole\ServerManager->start()
#3 /home/marcus/lnmp/nginx/html/easywoole_api/vendor/easyswoole/easyswoole/bin/easyswoole(326): EasySwoole\Core\Core->run()
#4 /home/marcus/lnmp/nginx/html/easywoole_api/vendor/easyswoole/easyswoole/bin/easyswoole(25): serverStart(Array)
#5 /home/marcus/lnmp/nginx/html/easywoole_api/vendor/easyswoole/easyswoole]
18-09-19 13:59:15:Error at file[/home/marcus/lnmp/nginx/html/easywoole_api/vendor/easyswoole/easyswoole/src/Core/Swoole/ServerManager.php] line[119] message:[Uncaught Swoole\Exception: failed to listen server port[0.0.0.0:9501]. Error: Address already in use[98]. in /home/marcus/lnmp/nginx/html/easywoole_api/vendor/easyswoole/easyswoole/src/Core/Swoole/ServerManager.php:119
Stack trace:
#0 /home/marcus/lnmp/nginx/html/easywoole_api/vendor/easyswoole/easyswoole/src/Core/Swoole/ServerManager.php(119): Swoole\Server->__construct('0.0.0.0', 9501, 3, 1)
#1 /home/marcus/lnmp/nginx/html/easywoole_api/vendor/easyswoole/easyswoole/src/Core/Swoole/ServerManager.php(61): EasySwoole\Core\Swoole\ServerManager->createMainServer()
#2 /home/marcus/lnmp/nginx/html/easywoole_api/vendor/easyswoole/easyswoole/src/Core/Core.php(45): EasySwoole\Core\Swoole\ServerManager->start()
#3 /home/marcus/lnmp/nginx/html/easywoole_api/vendor/easyswoole/easyswoole/bin/easyswoole(326): EasySwoole\Core\Core->run()
#4 /home/marcus/lnmp/nginx/html/easywoole_api/vendor/easyswoole/easyswoole/bin/easyswoole(25): serverStart(Array)
#5 /home/marcus/lnmp/nginx/html/easywoole_api/vendor/easyswoole/easyswoole]
18-09-19 16:58:57:Error at file[/home/marcus/lnmp/nginx/html/easywoole_api/App/Parser.php] line[24] message:[Undefined index: content]
18-09-19 16:59:06:Error at file[/home/marcus/lnmp/nginx/html/easywoole_api/App/Parser.php] line[24] message:[Undefined index: content]
18-09-19 16:59:07:Error at file[/home/marcus/lnmp/nginx/html/easywoole_api/App/Parser.php] line[24] message:[Undefined index: content]
